[debug] [2026-02-11T13:51:26.764Z] ----------------------------------------------------------------------
[debug] [2026-02-11T13:51:26.768Z] Command:       C:\Program Files\nodejs\node.exe C:\Users\Andres Ramos\AppData\Roaming\npm\node_modules\firebase-tools\lib\bin\firebase.js emulators:start
[debug] [2026-02-11T13:51:26.769Z] CLI Version:   15.5.1
[debug] [2026-02-11T13:51:26.769Z] Platform:      win32
[debug] [2026-02-11T13:51:26.769Z] Node Version:  v22.17.1
[debug] [2026-02-11T13:51:26.769Z] Time:          Wed Feb 11 2026 08:51:26 GMT-0500 (hora estándar de Colombia)
[debug] [2026-02-11T13:51:26.769Z] ----------------------------------------------------------------------
[debug] 
[debug] [2026-02-11T13:51:29.525Z] > command requires scopes: ["email","openid","https://www.googleapis.com/auth/cloudplatformprojects.readonly","https://www.googleapis.com/auth/firebase","https://www.googleapis.com/auth/cloud-platform"]
[debug] [2026-02-11T13:51:29.525Z] > authorizing via signed-in user (andresss10011@gmail.com)
[debug] [2026-02-11T13:51:29.871Z] openjdk version "25.0.2" 2026-01-20 LTS

[debug] [2026-02-11T13:51:29.871Z] OpenJDK Runtime Environment Temurin-25.0.2+10 (build 25.0.2+10-LTS)
OpenJDK 64-Bit Server VM Temurin-25.0.2+10 (build 25.0.2+10-LTS, mixed mode, sharing)

[debug] [2026-02-11T13:51:29.885Z] Parsed Java major version: 25
[info] i  emulators: Starting emulators: functions, firestore, storage, extensions {"metadata":{"emulator":{"name":"hub"},"message":"Starting emulators: functions, firestore, storage, extensions"}}
[debug] [2026-02-11T13:51:29.888Z] Checked if tokens are valid: true, expires at: 1770820713883
[debug] [2026-02-11T13:51:29.889Z] Checked if tokens are valid: true, expires at: 1770820713883
[debug] [2026-02-11T13:51:29.890Z] >>> [apiv2][query] GET https://serviceusage.googleapis.com/v1/projects/enfoque-36479/services/cloudresourcemanager.googleapis.com [none]
[debug] [2026-02-11T13:51:29.890Z] >>> [apiv2][(partial)header] GET https://serviceusage.googleapis.com/v1/projects/enfoque-36479/services/cloudresourcemanager.googleapis.com  x-goog-user-project=enfoque-36479
[debug] [2026-02-11T13:51:30.708Z] <<< [apiv2][status] GET https://serviceusage.googleapis.com/v1/projects/enfoque-36479/services/cloudresourcemanager.googleapis.com 200
[debug] [2026-02-11T13:51:30.709Z] <<< [apiv2][body] GET https://serviceusage.googleapis.com/v1/projects/enfoque-36479/services/cloudresourcemanager.googleapis.com [omitted]
[debug] [2026-02-11T13:51:30.716Z] Checked if tokens are valid: true, expires at: 1770820713883
[debug] [2026-02-11T13:51:30.716Z] Checked if tokens are valid: true, expires at: 1770820713883
[debug] [2026-02-11T13:51:30.716Z] >>> [apiv2][query] GET https://cloudresourcemanager.googleapis.com/v1/projects/enfoque-36479 [none]
[debug] [2026-02-11T13:51:31.249Z] <<< [apiv2][status] GET https://cloudresourcemanager.googleapis.com/v1/projects/enfoque-36479 200
[debug] [2026-02-11T13:51:31.250Z] <<< [apiv2][body] GET https://cloudresourcemanager.googleapis.com/v1/projects/enfoque-36479 {"projectNumber":"669924683498","projectId":"enfoque-36479","lifecycleState":"ACTIVE","name":"enfoque","labels":{"firebase":"enabled","firebase-core":"disabled"},"createTime":"2025-11-25T16:17:08.128893Z"}
[debug] [2026-02-11T13:51:31.269Z] [logging] Logging Emulator only supports listening on one address (127.0.0.1). Not listening on ::1
[debug] [2026-02-11T13:51:31.269Z] [firestore] Firestore Emulator only supports listening on one address (127.0.0.1). Not listening on ::1
[debug] [2026-02-11T13:51:31.269Z] [firestore.websocket] websocket server for firestore only supports listening on one address (127.0.0.1). Not listening on ::1
[debug] [2026-02-11T13:51:31.269Z] [storage] Storage Emulator only supports listening on one address (127.0.0.1). Not listening on ::1
[debug] [2026-02-11T13:51:31.269Z] assigned listening specs for emulators {"user":{"hub":[{"address":"127.0.0.1","family":"IPv4","port":4400},{"address":"::1","family":"IPv6","port":4400}],"ui":[{"address":"127.0.0.1","family":"IPv4","port":4000},{"address":"::1","family":"IPv6","port":4000}],"logging":[{"address":"127.0.0.1","family":"IPv4","port":4500}],"firestore":[{"address":"127.0.0.1","family":"IPv4","port":8080}],"firestore.websocket":[{"address":"127.0.0.1","family":"IPv4","port":9150}],"storage":[{"address":"127.0.0.1","family":"IPv4","port":9199}]},"metadata":{"message":"assigned listening specs for emulators"}}
[debug] [2026-02-11T13:51:31.276Z] Write emulator hub locator at C:\Users\ANDRES~1\AppData\Local\Temp\hub-enfoque-36479.json
[debug] [2026-02-11T13:51:31.285Z] [Extensions] Started Extensions emulator, this is a noop.
[debug] [2026-02-11T13:51:31.292Z] [functions] Functions Emulator only supports listening on one address (127.0.0.1). Not listening on ::1
[debug] [2026-02-11T13:51:31.292Z] [eventarc] Eventarc Emulator only supports listening on one address (127.0.0.1). Not listening on ::1
[debug] [2026-02-11T13:51:31.292Z] [tasks] Cloud Tasks Emulator only supports listening on one address (127.0.0.1). Not listening on ::1
[debug] [2026-02-11T13:51:31.293Z] late-assigned ports for functions and eventarc emulators {"user":{"hub":[{"address":"127.0.0.1","family":"IPv4","port":4400},{"address":"::1","family":"IPv6","port":4400}],"ui":[{"address":"127.0.0.1","family":"IPv4","port":4000},{"address":"::1","family":"IPv6","port":4000}],"logging":[{"address":"127.0.0.1","family":"IPv4","port":4500}],"firestore":[{"address":"127.0.0.1","family":"IPv4","port":8080}],"firestore.websocket":[{"address":"127.0.0.1","family":"IPv4","port":9150}],"storage":[{"address":"127.0.0.1","family":"IPv4","port":9199}],"functions":[{"address":"127.0.0.1","family":"IPv4","port":5001}],"eventarc":[{"address":"127.0.0.1","family":"IPv4","port":9299}],"tasks":[{"address":"127.0.0.1","family":"IPv4","port":9499}]},"metadata":{"message":"late-assigned ports for functions and eventarc emulators"}}
[warn] !  functions: The following emulators are not running, calls to these services from the Functions emulator will affect production: apphosting, auth, database, hosting, pubsub, dataconnect {"metadata":{"emulator":{"name":"functions"},"message":"The following emulators are not running, calls to these services from the Functions emulator will affect production: \u001b[1mapphosting, auth, database, hosting, pubsub, dataconnect\u001b[22m"}}
[debug] [2026-02-11T13:51:31.318Z] defaultcredentials: writing to file C:\Users\Andres Ramos\AppData\Roaming\firebase\andresss10011_gmail_com_application_default_credentials.json
[debug] [2026-02-11T13:51:31.323Z] Setting GAC to C:\Users\Andres Ramos\AppData\Roaming\firebase\andresss10011_gmail_com_application_default_credentials.json {"metadata":{"emulator":{"name":"functions"},"message":"Setting GAC to C:\\Users\\Andres Ramos\\AppData\\Roaming\\firebase\\andresss10011_gmail_com_application_default_credentials.json"}}
[debug] [2026-02-11T13:51:31.324Z] Checked if tokens are valid: true, expires at: 1770820713883
[debug] [2026-02-11T13:51:31.324Z] Checked if tokens are valid: true, expires at: 1770820713883
[debug] [2026-02-11T13:51:31.324Z] >>> [apiv2][query] GET https://firebase.googleapis.com/v1beta1/projects/enfoque-36479/adminSdkConfig [none]
[debug] [2026-02-11T13:51:31.780Z] <<< [apiv2][status] GET https://firebase.googleapis.com/v1beta1/projects/enfoque-36479/adminSdkConfig 200
[debug] [2026-02-11T13:51:31.781Z] <<< [apiv2][body] GET https://firebase.googleapis.com/v1beta1/projects/enfoque-36479/adminSdkConfig {"projectId":"enfoque-36479","storageBucket":"enfoque-36479.firebasestorage.app"}
[debug] [2026-02-11T13:51:31.801Z] Ignoring unsupported arg: auto_download {"metadata":{"emulator":{"name":"firestore"},"message":"Ignoring unsupported arg: auto_download"}}
[debug] [2026-02-11T13:51:31.801Z] Ignoring unsupported arg: single_project_mode_error {"metadata":{"emulator":{"name":"firestore"},"message":"Ignoring unsupported arg: single_project_mode_error"}}
[debug] [2026-02-11T13:51:31.801Z] Starting Firestore Emulator with command {"binary":"java","args":["-Dgoogle.cloud_firestore.debug_log_level=FINE","-Duser.language=en","-jar","C:\\Users\\Andres Ramos\\.cache\\firebase\\emulators\\cloud-firestore-emulator-v1.20.2.jar","--host","127.0.0.1","--port",8080,"--websocket_port",9150,"--project_id","enfoque-36479","--rules","S:\\enfoque_prueba\\firestore.rules","--single_project_mode",true,"--functions_emulator","127.0.0.1:5001"],"optionalArgs":["port","webchannel_port","host","rules","websocket_port","functions_emulator","seed_from_export","project_id","single_project_mode"],"joinArgs":false,"shell":false,"port":8080} {"metadata":{"emulator":{"name":"firestore"},"message":"Starting Firestore Emulator with command {\"binary\":\"java\",\"args\":[\"-Dgoogle.cloud_firestore.debug_log_level=FINE\",\"-Duser.language=en\",\"-jar\",\"C:\\\\Users\\\\Andres Ramos\\\\.cache\\\\firebase\\\\emulators\\\\cloud-firestore-emulator-v1.20.2.jar\",\"--host\",\"127.0.0.1\",\"--port\",8080,\"--websocket_port\",9150,\"--project_id\",\"enfoque-36479\",\"--rules\",\"S:\\\\enfoque_prueba\\\\firestore.rules\",\"--single_project_mode\",true,\"--functions_emulator\",\"127.0.0.1:5001\"],\"optionalArgs\":[\"port\",\"webchannel_port\",\"host\",\"rules\",\"websocket_port\",\"functions_emulator\",\"seed_from_export\",\"project_id\",\"single_project_mode\"],\"joinArgs\":false,\"shell\":false,\"port\":8080}"}}
[info] i  firestore: Firestore Emulator logging to firestore-debug.log {"metadata":{"emulator":{"name":"firestore"},"message":"Firestore Emulator logging to \u001b[1mfirestore-debug.log\u001b[22m"}}
[debug] [2026-02-11T13:51:34.859Z] WARNING: A terminally deprecated method in sun.misc.Unsafe has been called
WARNING: sun.misc.Unsafe::allocateMemory has been called by io.netty.util.internal.PlatformDependent0$2 (file:/C:/Users/Andres%20Ramos/.cache/firebase/emulators/cloud-firestore-emulator-v1.20.2.jar)
WARNING: Please consider reporting this to the maintainers of class io.netty.util.internal.PlatformDependent0$2
WARNING: sun.misc.Unsafe::allocateMemory will be removed in a future release
 {"metadata":{"emulator":{"name":"firestore"},"message":"WARNING: A terminally deprecated method in sun.misc.Unsafe has been called\nWARNING: sun.misc.Unsafe::allocateMemory has been called by io.netty.util.internal.PlatformDependent0$2 (file:/C:/Users/Andres%20Ramos/.cache/firebase/emulators/cloud-firestore-emulator-v1.20.2.jar)\nWARNING: Please consider reporting this to the maintainers of class io.netty.util.internal.PlatformDependent0$2\nWARNING: sun.misc.Unsafe::allocateMemory will be removed in a future release\r\n"}}
[debug] [2026-02-11T13:51:35.850Z] Feb 11, 2026 8:51:35 AM com.google.cloud.datastore.emulator.firestore.websocket.WebSocketServer start
INFO: Started WebSocket server on ws://127.0.0.1:9150
 {"metadata":{"emulator":{"name":"firestore"},"message":"Feb 11, 2026 8:51:35 AM com.google.cloud.datastore.emulator.firestore.websocket.WebSocketServer start\r\nINFO: Started WebSocket server on ws://127.0.0.1:9150\r\n"}}
[debug] [2026-02-11T13:51:35.898Z] API endpoint: http:// {"metadata":{"emulator":{"name":"firestore"},"message":"API endpoint: http://"}}
[debug] [2026-02-11T13:51:35.899Z] 127.0.0.1:8080
If you are using a library that supports the FIRESTORE_EMULATOR_HOST environment variable, run:

   export FIRESTORE_EMULATOR_HOST=127.0.0.1:8080

If you are running a Firestore in Datastore Mode project, run:

   export DATASTORE_EMULATOR_HOST=127.0.0.1:8080

Note: Support for Datastore Mode is in preview. If you encounter any bugs please file at https://github.com/firebase/firebase-tools/issues.
Dev App Server is now running.

 {"metadata":{"emulator":{"name":"firestore"},"message":"127.0.0.1:8080\nIf you are using a library that supports the FIRESTORE_EMULATOR_HOST environment variable, run:\r\n\n   export FIRESTORE_EMULATOR_HOST=127.0.0.1:8080\n\nIf you are running a Firestore in Datastore Mode project, run:\r\n\n   export DATASTORE_EMULATOR_HOST=127.0.0.1:8080\n\nNote: Support for Datastore Mode is in preview. If you encounter any bugs please file at https://github.com/firebase/firebase-tools/issues.\r\nDev App Server is now running.\n\r\n"}}
[info] +  firestore: Firestore Emulator UI websocket is running on 9150. {"metadata":{"emulator":{"name":"firestore"},"message":"Firestore Emulator UI websocket is running on 9150."}}
[debug] [2026-02-11T13:51:35.910Z] Ignoring unsupported arg: port {"metadata":{"emulator":{"name":"storage"},"message":"Ignoring unsupported arg: port"}}
[warn] !  Unexpected rules runtime error: WARNING: A terminally deprecated method in sun.misc.Unsafe has been called
WARNING: sun.misc.Unsafe::arrayBaseOffset has been called by com.google.protobuf.UnsafeUtil$MemoryAccessor (file:/C:/Users/Andres%20Ramos/.cache/firebase/emulators/cloud-storage-rules-runtime-v1.1.3.jar)
WARNING: Please consider reporting this to the maintainers of class com.google.protobuf.UnsafeUtil$MemoryAccessor
WARNING: sun.misc.Unsafe::arrayBaseOffset will be removed in a future release
 {"metadata":{"emulator":{"name":"storage"},"message":"Unexpected rules runtime error: WARNING: A terminally deprecated method in sun.misc.Unsafe has been called\nWARNING: sun.misc.Unsafe::arrayBaseOffset has been called by com.google.protobuf.UnsafeUtil$MemoryAccessor (file:/C:/Users/Andres%20Ramos/.cache/firebase/emulators/cloud-storage-rules-runtime-v1.1.3.jar)\nWARNING: Please consider reporting this to the maintainers of class com.google.protobuf.UnsafeUtil$MemoryAccessor\nWARNING: sun.misc.Unsafe::arrayBaseOffset will be removed in a future release\r\n"}}
[debug] [2026-02-11T13:51:37.198Z] Temp file directory for storage emulator: C:\Users\ANDRES~1\AppData\Local\Temp/firebase/storage/blobs {"metadata":{"emulator":{"name":"storage"},"message":"Temp file directory for storage emulator: C:\\Users\\ANDRES~1\\AppData\\Local\\Temp/firebase/storage/blobs"}}
[info] i  ui: downloading ui-v1.15.0.zip... {"metadata":{"emulator":{"name":"ui"},"message":"downloading ui-v1.15.0.zip..."}}
[debug] [2026-02-11T13:51:37.212Z] >>> [apiv2][query] GET https://storage.googleapis.com/firebase-preview-drop/emulator/ui-v1.15.0.zip 
[debug] [2026-02-11T13:51:37.292Z] <<< [apiv2][status] GET https://storage.googleapis.com/firebase-preview-drop/emulator/ui-v1.15.0.zip 200
[debug] [2026-02-11T13:51:37.292Z] <<< [apiv2][body] GET https://storage.googleapis.com/firebase-preview-drop/emulator/ui-v1.15.0.zip [stream]
[debug] [2026-02-11T13:51:37.415Z] Data is 3538469
[debug] [2026-02-11T13:51:37.416Z] [unzip] Entry: client/ (compressed_size=0 bytes, uncompressed_size=0 bytes)
[debug] [2026-02-11T13:51:37.416Z] [unzip] Processing entry: client\
[debug] [2026-02-11T13:51:37.416Z] [unzip] mkdir: C:\Users\Andres Ramos\.cache\firebase\emulators\ui-v1.15.0\client\
[debug] [2026-02-11T13:51:37.417Z] [unzip] Entry: client/favicon-16x16.png (compressed_size=293 bytes, uncompressed_size=293 bytes)
[debug] [2026-02-11T13:51:37.417Z] [unzip] Processing entry: client\favicon-16x16.png
[debug] [2026-02-11T13:51:37.417Z] [unzip] else mkdir: C:\Users\Andres Ramos\.cache\firebase\emulators\ui-v1.15.0\client
[debug] [2026-02-11T13:51:37.417Z] [unzip] Writing file: C:\Users\Andres Ramos\.cache\firebase\emulators\ui-v1.15.0\client\favicon-16x16.png
[debug] [2026-02-11T13:51:37.418Z] [unzip] Entry: client/safari-pinned-tab.svg (compressed_size=1433 bytes, uncompressed_size=2611 bytes)
[debug] [2026-02-11T13:51:37.419Z] [unzip] Processing entry: client\safari-pinned-tab.svg
[debug] [2026-02-11T13:51:37.419Z] [unzip] else mkdir: C:\Users\Andres Ramos\.cache\firebase\emulators\ui-v1.15.0\client
[debug] [2026-02-11T13:51:37.419Z] [unzip] deflating: C:\Users\Andres Ramos\.cache\firebase\emulators\ui-v1.15.0\client\safari-pinned-tab.svg
[debug] [2026-02-11T13:51:37.423Z] [unzip] Entry: client/favicon.ico (compressed_size=2933 bytes, uncompressed_size=13294 bytes)
[debug] [2026-02-11T13:51:37.424Z] [unzip] Processing entry: client\favicon.ico
[debug] [2026-02-11T13:51:37.424Z] [unzip] else mkdir: C:\Users\Andres Ramos\.cache\firebase\emulators\ui-v1.15.0\client
[debug] [2026-02-11T13:51:37.425Z] [unzip] deflating: C:\Users\Andres Ramos\.cache\firebase\emulators\ui-v1.15.0\client\favicon.ico
[debug] [2026-02-11T13:51:37.427Z] [unzip] Entry: client/index.html (compressed_size=1364 bytes, uncompressed_size=3071 bytes)
[debug] [2026-02-11T13:51:37.427Z] [unzip] Processing entry: client\index.html
[debug] [2026-02-11T13:51:37.427Z] [unzip] else mkdir: C:\Users\Andres Ramos\.cache\firebase\emulators\ui-v1.15.0\client
[debug] [2026-02-11T13:51:37.428Z] [unzip] deflating: C:\Users\Andres Ramos\.cache\firebase\emulators\ui-v1.15.0\client\index.html
[debug] [2026-02-11T13:51:37.429Z] [unzip] Entry: client/android-chrome-192x192.png (compressed_size=2684 bytes, uncompressed_size=2684 bytes)
[debug] [2026-02-11T13:51:37.429Z] [unzip] Processing entry: client\android-chrome-192x192.png
[debug] [2026-02-11T13:51:37.429Z] [unzip] else mkdir: C:\Users\Andres Ramos\.cache\firebase\emulators\ui-v1.15.0\client
[debug] [2026-02-11T13:51:37.431Z] [unzip] Writing file: C:\Users\Andres Ramos\.cache\firebase\emulators\ui-v1.15.0\client\android-chrome-192x192.png
[debug] [2026-02-11T13:51:37.431Z] [unzip] Entry: client/apple-touch-icon.png (compressed_size=2123 bytes, uncompressed_size=2152 bytes)
[debug] [2026-02-11T13:51:37.432Z] [unzip] Processing entry: client\apple-touch-icon.png
[debug] [2026-02-11T13:51:37.432Z] [unzip] else mkdir: C:\Users\Andres Ramos\.cache\firebase\emulators\ui-v1.15.0\client
[debug] [2026-02-11T13:51:37.432Z] [unzip] deflating: C:\Users\Andres Ramos\.cache\firebase\emulators\ui-v1.15.0\client\apple-touch-icon.png
[debug] [2026-02-11T13:51:37.433Z] [unzip] Entry: client/android-chrome-512x512.png (compressed_size=5369 bytes, uncompressed_size=5411 bytes)
[debug] [2026-02-11T13:51:37.433Z] [unzip] Processing entry: client\android-chrome-512x512.png
[debug] [2026-02-11T13:51:37.433Z] [unzip] else mkdir: C:\Users\Andres Ramos\.cache\firebase\emulators\ui-v1.15.0\client
[debug] [2026-02-11T13:51:37.434Z] [unzip] deflating: C:\Users\Andres Ramos\.cache\firebase\emulators\ui-v1.15.0\client\android-chrome-512x512.png
[debug] [2026-02-11T13:51:37.435Z] [unzip] Entry: client/manifest.json (compressed_size=245 bytes, uncompressed_size=551 bytes)
[debug] [2026-02-11T13:51:37.435Z] [unzip] Processing entry: client\manifest.json
[debug] [2026-02-11T13:51:37.435Z] [unzip] else mkdir: C:\Users\Andres Ramos\.cache\firebase\emulators\ui-v1.15.0\client
[debug] [2026-02-11T13:51:37.436Z] [unzip] deflating: C:\Users\Andres Ramos\.cache\firebase\emulators\ui-v1.15.0\client\manifest.json
[debug] [2026-02-11T13:51:37.437Z] [unzip] Entry: client/robots.txt (compressed_size=26 bytes, uncompressed_size=26 bytes)
[debug] [2026-02-11T13:51:37.438Z] [unzip] Processing entry: client\robots.txt
[debug] [2026-02-11T13:51:37.438Z] [unzip] else mkdir: C:\Users\Andres Ramos\.cache\firebase\emulators\ui-v1.15.0\client
[debug] [2026-02-11T13:51:37.438Z] [unzip] Writing file: C:\Users\Andres Ramos\.cache\firebase\emulators\ui-v1.15.0\client\robots.txt
[debug] [2026-02-11T13:51:37.442Z] [unzip] Entry: client/mstile-150x150.png (compressed_size=2034 bytes, uncompressed_size=2034 bytes)
[debug] [2026-02-11T13:51:37.442Z] [unzip] Processing entry: client\mstile-150x150.png
[debug] [2026-02-11T13:51:37.442Z] [unzip] else mkdir: C:\Users\Andres Ramos\.cache\firebase\emulators\ui-v1.15.0\client
[debug] [2026-02-11T13:51:37.443Z] [unzip] Writing file: C:\Users\Andres Ramos\.cache\firebase\emulators\ui-v1.15.0\client\mstile-150x150.png
[debug] [2026-02-11T13:51:37.444Z] [unzip] Entry: client/assets/ (compressed_size=0 bytes, uncompressed_size=0 bytes)
[debug] [2026-02-11T13:51:37.444Z] [unzip] Processing entry: client\assets\
[debug] [2026-02-11T13:51:37.444Z] [unzip] mkdir: C:\Users\Andres Ramos\.cache\firebase\emulators\ui-v1.15.0\client\assets\
[debug] [2026-02-11T13:51:37.445Z] [unzip] Entry: client/assets/index-BX-A56oj.js (compressed_size=582089 bytes, uncompressed_size=2092775 bytes)
[debug] [2026-02-11T13:51:37.445Z] [unzip] Processing entry: client\assets\index-BX-A56oj.js
[debug] [2026-02-11T13:51:37.445Z] [unzip] else mkdir: C:\Users\Andres Ramos\.cache\firebase\emulators\ui-v1.15.0\client\assets
[debug] [2026-02-11T13:51:37.445Z] [unzip] deflating: C:\Users\Andres Ramos\.cache\firebase\emulators\ui-v1.15.0\client\assets\index-BX-A56oj.js
[debug] [2026-02-11T13:51:37.460Z] [unzip] Entry: client/assets/index-CjB9C900.css (compressed_size=35979 bytes, uncompressed_size=298654 bytes)
[debug] [2026-02-11T13:51:37.460Z] [unzip] Processing entry: client\assets\index-CjB9C900.css
[debug] [2026-02-11T13:51:37.460Z] [unzip] else mkdir: C:\Users\Andres Ramos\.cache\firebase\emulators\ui-v1.15.0\client\assets
[debug] [2026-02-11T13:51:37.460Z] [unzip] deflating: C:\Users\Andres Ramos\.cache\firebase\emulators\ui-v1.15.0\client\assets\index-CjB9C900.css
[debug] [2026-02-11T13:51:37.463Z] [unzip] Entry: client/assets/index-BX-A56oj.js.map (compressed_size=2362482 bytes, uncompressed_size=10036679 bytes)
[debug] [2026-02-11T13:51:37.463Z] [unzip] Processing entry: client\assets\index-BX-A56oj.js.map
[debug] [2026-02-11T13:51:37.463Z] [unzip] else mkdir: C:\Users\Andres Ramos\.cache\firebase\emulators\ui-v1.15.0\client\assets
[debug] [2026-02-11T13:51:37.464Z] [unzip] deflating: C:\Users\Andres Ramos\.cache\firebase\emulators\ui-v1.15.0\client\assets\index-BX-A56oj.js.map
[debug] [2026-02-11T13:51:37.522Z] [unzip] Entry: client/assets/extensions/ (compressed_size=0 bytes, uncompressed_size=0 bytes)
[debug] [2026-02-11T13:51:37.522Z] [unzip] Processing entry: client\assets\extensions\
[debug] [2026-02-11T13:51:37.522Z] [unzip] mkdir: C:\Users\Andres Ramos\.cache\firebase\emulators\ui-v1.15.0\client\assets\extensions\
[debug] [2026-02-11T13:51:37.523Z] [unzip] Entry: client/assets/extensions/default-extension.png (compressed_size=1646 bytes, uncompressed_size=1657 bytes)
[debug] [2026-02-11T13:51:37.523Z] [unzip] Processing entry: client\assets\extensions\default-extension.png
[debug] [2026-02-11T13:51:37.523Z] [unzip] else mkdir: C:\Users\Andres Ramos\.cache\firebase\emulators\ui-v1.15.0\client\assets\extensions
[debug] [2026-02-11T13:51:37.523Z] [unzip] deflating: C:\Users\Andres Ramos\.cache\firebase\emulators\ui-v1.15.0\client\assets\extensions\default-extension.png
[debug] [2026-02-11T13:51:37.525Z] [unzip] Entry: client/assets/img/ (compressed_size=0 bytes, uncompressed_size=0 bytes)
[debug] [2026-02-11T13:51:37.525Z] [unzip] Processing entry: client\assets\img\
[debug] [2026-02-11T13:51:37.525Z] [unzip] mkdir: C:\Users\Andres Ramos\.cache\firebase\emulators\ui-v1.15.0\client\assets\img\
[debug] [2026-02-11T13:51:37.525Z] [unzip] Entry: client/assets/img/database.png (compressed_size=29449 bytes, uncompressed_size=29988 bytes)
[debug] [2026-02-11T13:51:37.525Z] [unzip] Processing entry: client\assets\img\database.png
[debug] [2026-02-11T13:51:37.525Z] [unzip] else mkdir: C:\Users\Andres Ramos\.cache\firebase\emulators\ui-v1.15.0\client\assets\img
[debug] [2026-02-11T13:51:37.526Z] [unzip] deflating: C:\Users\Andres Ramos\.cache\firebase\emulators\ui-v1.15.0\client\assets\img\database.png
[debug] [2026-02-11T13:51:37.528Z] [unzip] Entry: client/assets/provider-icons/ (compressed_size=0 bytes, uncompressed_size=0 bytes)
[debug] [2026-02-11T13:51:37.528Z] [unzip] Processing entry: client\assets\provider-icons\
[debug] [2026-02-11T13:51:37.528Z] [unzip] mkdir: C:\Users\Andres Ramos\.cache\firebase\emulators\ui-v1.15.0\client\assets\provider-icons\
[debug] [2026-02-11T13:51:37.528Z] [unzip] Entry: client/assets/provider-icons/auth_service_saml.svg (compressed_size=575 bytes, uncompressed_size=1226 bytes)
[debug] [2026-02-11T13:51:37.528Z] [unzip] Processing entry: client\assets\provider-icons\auth_service_saml.svg
[debug] [2026-02-11T13:51:37.528Z] [unzip] else mkdir: C:\Users\Andres Ramos\.cache\firebase\emulators\ui-v1.15.0\client\assets\provider-icons
[debug] [2026-02-11T13:51:37.529Z] [unzip] deflating: C:\Users\Andres Ramos\.cache\firebase\emulators\ui-v1.15.0\client\assets\provider-icons\auth_service_saml.svg
[debug] [2026-02-11T13:51:37.530Z] [unzip] Entry: client/assets/provider-icons/auth_service_phone.svg (compressed_size=261 bytes, uncompressed_size=414 bytes)
[debug] [2026-02-11T13:51:37.530Z] [unzip] Processing entry: client\assets\provider-icons\auth_service_phone.svg
[debug] [2026-02-11T13:51:37.530Z] [unzip] else mkdir: C:\Users\Andres Ramos\.cache\firebase\emulators\ui-v1.15.0\client\assets\provider-icons
[debug] [2026-02-11T13:51:37.531Z] [unzip] deflating: C:\Users\Andres Ramos\.cache\firebase\emulators\ui-v1.15.0\client\assets\provider-icons\auth_service_phone.svg
[debug] [2026-02-11T13:51:37.532Z] [unzip] Entry: client/assets/provider-icons/auth_service_facebook.svg (compressed_size=289 bytes, uncompressed_size=457 bytes)
[debug] [2026-02-11T13:51:37.532Z] [unzip] Processing entry: client\assets\provider-icons\auth_service_facebook.svg
[debug] [2026-02-11T13:51:37.532Z] [unzip] else mkdir: C:\Users\Andres Ramos\.cache\firebase\emulators\ui-v1.15.0\client\assets\provider-icons
[debug] [2026-02-11T13:51:37.532Z] [unzip] deflating: C:\Users\Andres Ramos\.cache\firebase\emulators\ui-v1.15.0\client\assets\provider-icons\auth_service_facebook.svg
[debug] [2026-02-11T13:51:37.534Z] [unzip] Entry: client/assets/provider-icons/auth_service_game_center.svg (compressed_size=991 bytes, uncompressed_size=3921 bytes)
[debug] [2026-02-11T13:51:37.534Z] [unzip] Processing entry: client\assets\provider-icons\auth_service_game_center.svg
[debug] [2026-02-11T13:51:37.534Z] [unzip] else mkdir: C:\Users\Andres Ramos\.cache\firebase\emulators\ui-v1.15.0\client\assets\provider-icons
[debug] [2026-02-11T13:51:37.534Z] [unzip] deflating: C:\Users\Andres Ramos\.cache\firebase\emulators\ui-v1.15.0\client\assets\provider-icons\auth_service_game_center.svg
[debug] [2026-02-11T13:51:37.536Z] [unzip] Entry: client/assets/provider-icons/auth_service_apple.svg (compressed_size=230 bytes, uncompressed_size=334 bytes)
[debug] [2026-02-11T13:51:37.536Z] [unzip] Processing entry: client\assets\provider-icons\auth_service_apple.svg
[debug] [2026-02-11T13:51:37.536Z] [unzip] else mkdir: C:\Users\Andres Ramos\.cache\firebase\emulators\ui-v1.15.0\client\assets\provider-icons
[debug] [2026-02-11T13:51:37.536Z] [unzip] deflating: C:\Users\Andres Ramos\.cache\firebase\emulators\ui-v1.15.0\client\assets\provider-icons\auth_service_apple.svg
[debug] [2026-02-11T13:51:37.569Z] [unzip] Entry: client/assets/provider-icons/auth_service_github.svg (compressed_size=466 bytes, uncompressed_size=838 bytes)
[debug] [2026-02-11T13:51:37.569Z] [unzip] Processing entry: client\assets\provider-icons\auth_service_github.svg
[debug] [2026-02-11T13:51:37.569Z] [unzip] else mkdir: C:\Users\Andres Ramos\.cache\firebase\emulators\ui-v1.15.0\client\assets\provider-icons
[debug] [2026-02-11T13:51:37.569Z] [unzip] deflating: C:\Users\Andres Ramos\.cache\firebase\emulators\ui-v1.15.0\client\assets\provider-icons\auth_service_github.svg
[debug] [2026-02-11T13:51:37.571Z] [unzip] Entry: client/assets/provider-icons/auth_service_mslive.svg (compressed_size=203 bytes, uncompressed_size=378 bytes)
[debug] [2026-02-11T13:51:37.571Z] [unzip] Processing entry: client\assets\provider-icons\auth_service_mslive.svg
[debug] [2026-02-11T13:51:37.571Z] [unzip] else mkdir: C:\Users\Andres Ramos\.cache\firebase\emulators\ui-v1.15.0\client\assets\provider-icons
[debug] [2026-02-11T13:51:37.571Z] [unzip] deflating: C:\Users\Andres Ramos\.cache\firebase\emulators\ui-v1.15.0\client\assets\provider-icons\auth_service_mslive.svg
[debug] [2026-02-11T13:51:37.572Z] [unzip] Entry: client/assets/provider-icons/auth_service_yahoo.svg (compressed_size=577 bytes, uncompressed_size=1182 bytes)
[debug] [2026-02-11T13:51:37.573Z] [unzip] Processing entry: client\assets\provider-icons\auth_service_yahoo.svg
[debug] [2026-02-11T13:51:37.573Z] [unzip] else mkdir: C:\Users\Andres Ramos\.cache\firebase\emulators\ui-v1.15.0\client\assets\provider-icons
[debug] [2026-02-11T13:51:37.573Z] [unzip] deflating: C:\Users\Andres Ramos\.cache\firebase\emulators\ui-v1.15.0\client\assets\provider-icons\auth_service_yahoo.svg
[debug] [2026-02-11T13:51:37.574Z] [unzip] Entry: client/assets/provider-icons/auth_service_twitter.svg (compressed_size=444 bytes, uncompressed_size=751 bytes)
[debug] [2026-02-11T13:51:37.574Z] [unzip] Processing entry: client\assets\provider-icons\auth_service_twitter.svg
[debug] [2026-02-11T13:51:37.574Z] [unzip] else mkdir: C:\Users\Andres Ramos\.cache\firebase\emulators\ui-v1.15.0\client\assets\provider-icons
[debug] [2026-02-11T13:51:37.575Z] [unzip] deflating: C:\Users\Andres Ramos\.cache\firebase\emulators\ui-v1.15.0\client\assets\provider-icons\auth_service_twitter.svg
[debug] [2026-02-11T13:51:37.576Z] [unzip] Entry: client/assets/provider-icons/auth_service_play_games.svg (compressed_size=565 bytes, uncompressed_size=1173 bytes)
[debug] [2026-02-11T13:51:37.576Z] [unzip] Processing entry: client\assets\provider-icons\auth_service_play_games.svg
[debug] [2026-02-11T13:51:37.576Z] [unzip] else mkdir: C:\Users\Andres Ramos\.cache\firebase\emulators\ui-v1.15.0\client\assets\provider-icons
[debug] [2026-02-11T13:51:37.577Z] [unzip] deflating: C:\Users\Andres Ramos\.cache\firebase\emulators\ui-v1.15.0\client\assets\provider-icons\auth_service_play_games.svg
[debug] [2026-02-11T13:51:37.578Z] [unzip] Entry: client/assets/provider-icons/auth_service_email.svg (compressed_size=228 bytes, uncompressed_size=326 bytes)
[debug] [2026-02-11T13:51:37.578Z] [unzip] Processing entry: client\assets\provider-icons\auth_service_email.svg
[debug] [2026-02-11T13:51:37.578Z] [unzip] else mkdir: C:\Users\Andres Ramos\.cache\firebase\emulators\ui-v1.15.0\client\assets\provider-icons
[debug] [2026-02-11T13:51:37.579Z] [unzip] deflating: C:\Users\Andres Ramos\.cache\firebase\emulators\ui-v1.15.0\client\assets\provider-icons\auth_service_email.svg
[debug] [2026-02-11T13:51:37.581Z] [unzip] Entry: client/assets/provider-icons/auth_service_google.svg (compressed_size=409 bytes, uncompressed_size=720 bytes)
[debug] [2026-02-11T13:51:37.581Z] [unzip] Processing entry: client\assets\provider-icons\auth_service_google.svg
[debug] [2026-02-11T13:51:37.581Z] [unzip] else mkdir: C:\Users\Andres Ramos\.cache\firebase\emulators\ui-v1.15.0\client\assets\provider-icons
[debug] [2026-02-11T13:51:37.582Z] [unzip] deflating: C:\Users\Andres Ramos\.cache\firebase\emulators\ui-v1.15.0\client\assets\provider-icons\auth_service_google.svg
[debug] [2026-02-11T13:51:37.583Z] [unzip] Entry: client/assets/provider-icons/auth_service_oidc.svg (compressed_size=414 bytes, uncompressed_size=858 bytes)
[debug] [2026-02-11T13:51:37.583Z] [unzip] Processing entry: client\assets\provider-icons\auth_service_oidc.svg
[debug] [2026-02-11T13:51:37.583Z] [unzip] else mkdir: C:\Users\Andres Ramos\.cache\firebase\emulators\ui-v1.15.0\client\assets\provider-icons
[debug] [2026-02-11T13:51:37.584Z] [unzip] deflating: C:\Users\Andres Ramos\.cache\firebase\emulators\ui-v1.15.0\client\assets\provider-icons\auth_service_oidc.svg
[debug] [2026-02-11T13:51:37.585Z] [unzip] Entry: client/browserconfig.xml (compressed_size=491 bytes, uncompressed_size=822 bytes)
[debug] [2026-02-11T13:51:37.585Z] [unzip] Processing entry: client\browserconfig.xml
[debug] [2026-02-11T13:51:37.586Z] [unzip] else mkdir: C:\Users\Andres Ramos\.cache\firebase\emulators\ui-v1.15.0\client
[debug] [2026-02-11T13:51:37.586Z] [unzip] deflating: C:\Users\Andres Ramos\.cache\firebase\emulators\ui-v1.15.0\client\browserconfig.xml
[debug] [2026-02-11T13:51:37.587Z] [unzip] Entry: client/favicon-32x32.png (compressed_size=475 bytes, uncompressed_size=475 bytes)
[debug] [2026-02-11T13:51:37.587Z] [unzip] Processing entry: client\favicon-32x32.png
[debug] [2026-02-11T13:51:37.587Z] [unzip] else mkdir: C:\Users\Andres Ramos\.cache\firebase\emulators\ui-v1.15.0\client
[debug] [2026-02-11T13:51:37.588Z] [unzip] Writing file: C:\Users\Andres Ramos\.cache\firebase\emulators\ui-v1.15.0\client\favicon-32x32.png
[debug] [2026-02-11T13:51:37.589Z] [unzip] Entry: server/ (compressed_size=0 bytes, uncompressed_size=0 bytes)
[debug] [2026-02-11T13:51:37.589Z] [unzip] Processing entry: server\
[debug] [2026-02-11T13:51:37.589Z] [unzip] mkdir: C:\Users\Andres Ramos\.cache\firebase\emulators\ui-v1.15.0\server\
[debug] [2026-02-11T13:51:37.589Z] [unzip] Entry: server/server.mjs.map (compressed_size=217845 bytes, uncompressed_size=944978 bytes)
[debug] [2026-02-11T13:51:37.589Z] [unzip] Processing entry: server\server.mjs.map
[debug] [2026-02-11T13:51:37.589Z] [unzip] else mkdir: C:\Users\Andres Ramos\.cache\firebase\emulators\ui-v1.15.0\server
[debug] [2026-02-11T13:51:37.590Z] [unzip] deflating: C:\Users\Andres Ramos\.cache\firebase\emulators\ui-v1.15.0\server\server.mjs.map
[debug] [2026-02-11T13:51:37.597Z] [unzip] Entry: server/server.mjs (compressed_size=276407 bytes, uncompressed_size=933701 bytes)
[debug] [2026-02-11T13:51:37.597Z] [unzip] Processing entry: server\server.mjs
[debug] [2026-02-11T13:51:37.597Z] [unzip] else mkdir: C:\Users\Andres Ramos\.cache\firebase\emulators\ui-v1.15.0\server
[debug] [2026-02-11T13:51:37.598Z] [unzip] deflating: C:\Users\Andres Ramos\.cache\firebase\emulators\ui-v1.15.0\server\server.mjs
[debug] [2026-02-11T13:51:37.608Z] [Extensions] Connecting Extensions emulator, this is a noop.
[info] i  functions: Watching "S:\enfoque_prueba\functions" for Cloud Functions... {"metadata":{"emulator":{"name":"functions"},"message":"Watching \"S:\\enfoque_prueba\\functions\" for Cloud Functions..."}}
[debug] [2026-02-11T13:51:37.617Z] Validating nodejs source
[debug] [2026-02-11T13:51:39.054Z] > [functions] package.json contents: {
  "name": "functions",
  "description": "Cloud Functions for Firebase",
  "scripts": {
    "lint": "eslint .",
    "serve": "firebase emulators:start --only functions",
    "shell": "firebase functions:shell",
    "start": "npm run shell",
    "deploy": "firebase deploy --only functions",
    "logs": "firebase functions:log"
  },
  "engines": {
    "node": "24"
  },
  "main": "index.js",
  "dependencies": {
    "date-fns": "^4.1.0",
    "firebase-admin": "^13.6.1",
    "firebase-functions": "^7.0.5"
  },
  "devDependencies": {
    "eslint": "^8.15.0",
    "eslint-config-google": "^0.14.0",
    "firebase-functions-test": "^3.4.1"
  },
  "private": true
}
[debug] [2026-02-11T13:51:39.054Z] Building nodejs source
[debug] [2026-02-11T13:51:39.055Z] Failed to find version of module node: reached end of search path S:\enfoque_prueba\functions\node_modules
[warn] !  functions: Your requested "node" version "24" doesn't match your global version "22". Using node@22 from host. 
[debug] [2026-02-11T13:51:39.057Z] Could not find functions.yaml. Must use http discovery
[debug] [2026-02-11T13:51:39.069Z] Found firebase-functions binary at 'S:\enfoque_prueba\functions\node_modules\.bin\firebase-functions'
[info] Serving at port 8067

[error] TypeError: functions.firestore.document is not a function
    at Object.<anonymous> (S:\enfoque_prueba\functions\index.js:170:4)
    at Module._compile (node:internal/modules/cjs/loader:1730:14)
    at Object..js (node:internal/modules/cjs/loader:1895:10)
    at Module.load (node:internal/modules/cjs/loader:1465:32)
    at Function._load (node:internal/modules/cjs/loader:1282:12)
    at TracingChannel.traceSync (node:diagnostics_channel:322:14)
    at wrapModuleLoad (node:internal/modules/cjs/loader:235:24)
    at Module.require (node:internal/modules/cjs/loader:1487:12)
    at require (node:internal/modules/helpers:135:16)
    at loadModule (S:\enfoque_prueba\functions\node_modules\firebase-functions\lib\runtime\loader.js:20:10)

[debug] [2026-02-11T13:51:46.972Z] Got response code 400; body Failed to generate manifest from function source: functions.firestore.document is not a function
[error] !!  functions: Failed to load function definition from source: FirebaseError: Functions codebase could not be analyzed successfully. It may have a syntax or runtime error {"metadata":{"emulator":{"name":"functions"},"message":"Failed to load function definition from source: FirebaseError: Functions codebase could not be analyzed successfully. It may have a syntax or runtime error"}}
[debug] [2026-02-11T13:51:51.004Z] Could not find VSCode notification endpoint: FetchError: request to http://localhost:40001/vscode/notify failed, reason: . If you are not running the Firebase Data Connect VSCode extension, this is expected and not an issue.
[info] 
┌─────────────────────────────────────────────────────────────┐
│ ✔  All emulators ready! It is now safe to connect your app. │
│ i  View Emulator UI at http://127.0.0.1:4000/               │
└─────────────────────────────────────────────────────────────┘

┌────────────┬────────────────┬──────────────────────────────────┐
│ Emulator   │ Host:Port      │ View in Emulator UI              │
├────────────┼────────────────┼──────────────────────────────────┤
│ Functions  │ 127.0.0.1:5001 │ http://127.0.0.1:4000/functions  │
├────────────┼────────────────┼──────────────────────────────────┤
│ Firestore  │ 127.0.0.1:8080 │ http://127.0.0.1:4000/firestore  │
├────────────┼────────────────┼──────────────────────────────────┤
│ Storage    │ 127.0.0.1:9199 │ http://127.0.0.1:4000/storage    │
├────────────┼────────────────┼──────────────────────────────────┤
│ Extensions │ 127.0.0.1:5001 │ http://127.0.0.1:4000/extensions │
└────────────┴────────────────┴──────────────────────────────────┘
  Emulator Hub host: 127.0.0.1 port: 4400
  Other reserved ports: 4500, 9150
┌─────────────────────────┬───────────────┬─────────────────────┐
│ Extension Instance Name │ Extension Ref │ View in Emulator UI │
└─────────────────────────┴───────────────┴─────────────────────┘
Issues? Report them at https://github.com/firebase/firebase-tools/issues and attach the *-debug.log files.
 
[debug] [2026-02-11T13:53:10.699Z] ----------------------------------------------------------------------
[debug] [2026-02-11T13:53:10.702Z] Command:       C:\Program Files\nodejs\node.exe C:\Users\Andres Ramos\AppData\Roaming\npm\node_modules\firebase-tools\lib\bin\firebase.js emulators:start
[debug] [2026-02-11T13:53:10.703Z] CLI Version:   15.5.1
[debug] [2026-02-11T13:53:10.703Z] Platform:      win32
[debug] [2026-02-11T13:53:10.703Z] Node Version:  v22.17.1
[debug] [2026-02-11T13:53:10.704Z] Time:          Wed Feb 11 2026 08:53:10 GMT-0500 (hora estándar de Colombia)
[debug] [2026-02-11T13:53:10.704Z] ----------------------------------------------------------------------
[debug] 
[debug] [2026-02-11T13:53:13.117Z] > command requires scopes: ["email","openid","https://www.googleapis.com/auth/cloudplatformprojects.readonly","https://www.googleapis.com/auth/firebase","https://www.googleapis.com/auth/cloud-platform"]
[debug] [2026-02-11T13:53:13.117Z] > authorizing via signed-in user (andresss10011@gmail.com)
[debug] [2026-02-11T13:53:13.194Z] openjdk version "25.0.2" 2026-01-20 LTS

[debug] [2026-02-11T13:53:13.195Z] OpenJDK Runtime Environment Temurin-25.0.2+10 (build 25.0.2+10-LTS)
OpenJDK 64-Bit Server VM Temurin-25.0.2+10 (build 25.0.2+10-LTS, mixed mode, sharing)

[debug] [2026-02-11T13:53:13.208Z] Parsed Java major version: 25
[info] i  emulators: Starting emulators: functions, firestore, storage, extensions {"metadata":{"emulator":{"name":"hub"},"message":"Starting emulators: functions, firestore, storage, extensions"}}
[debug] [2026-02-11T13:53:13.211Z] Checked if tokens are valid: true, expires at: 1770820713883
[debug] [2026-02-11T13:53:13.211Z] Checked if tokens are valid: true, expires at: 1770820713883
[debug] [2026-02-11T13:53:13.212Z] >>> [apiv2][query] GET https://cloudresourcemanager.googleapis.com/v1/projects/enfoque-36479 [none]
[debug] [2026-02-11T13:53:13.714Z] <<< [apiv2][status] GET https://cloudresourcemanager.googleapis.com/v1/projects/enfoque-36479 200
[debug] [2026-02-11T13:53:13.715Z] <<< [apiv2][body] GET https://cloudresourcemanager.googleapis.com/v1/projects/enfoque-36479 {"projectNumber":"669924683498","projectId":"enfoque-36479","lifecycleState":"ACTIVE","name":"enfoque","labels":{"firebase":"enabled","firebase-core":"disabled"},"createTime":"2025-11-25T16:17:08.128893Z"}
[debug] [2026-02-11T13:53:13.735Z] [logging] Logging Emulator only supports listening on one address (127.0.0.1). Not listening on ::1
[debug] [2026-02-11T13:53:13.735Z] [firestore] Firestore Emulator only supports listening on one address (127.0.0.1). Not listening on ::1
[debug] [2026-02-11T13:53:13.735Z] [firestore.websocket] websocket server for firestore only supports listening on one address (127.0.0.1). Not listening on ::1
[debug] [2026-02-11T13:53:13.735Z] [storage] Storage Emulator only supports listening on one address (127.0.0.1). Not listening on ::1
[debug] [2026-02-11T13:53:13.735Z] assigned listening specs for emulators {"user":{"hub":[{"address":"127.0.0.1","family":"IPv4","port":4400},{"address":"::1","family":"IPv6","port":4400}],"ui":[{"address":"127.0.0.1","family":"IPv4","port":4000},{"address":"::1","family":"IPv6","port":4000}],"logging":[{"address":"127.0.0.1","family":"IPv4","port":4500}],"firestore":[{"address":"127.0.0.1","family":"IPv4","port":8080}],"firestore.websocket":[{"address":"127.0.0.1","family":"IPv4","port":9150}],"storage":[{"address":"127.0.0.1","family":"IPv4","port":9199}]},"metadata":{"message":"assigned listening specs for emulators"}}
[debug] [2026-02-11T13:53:13.743Z] Found emulator hub locator: {"version":"15.5.1","origins":["http://127.0.0.1:4400","http://[::1]:4400"],"pid":15592}
[debug] [2026-02-11T13:53:13.743Z] Write emulator hub locator at C:\Users\ANDRES~1\AppData\Local\Temp\hub-enfoque-36479.json
[debug] [2026-02-11T13:53:13.753Z] [Extensions] Started Extensions emulator, this is a noop.
[debug] [2026-02-11T13:53:13.762Z] [functions] Functions Emulator only supports listening on one address (127.0.0.1). Not listening on ::1
[debug] [2026-02-11T13:53:13.762Z] [eventarc] Eventarc Emulator only supports listening on one address (127.0.0.1). Not listening on ::1
[debug] [2026-02-11T13:53:13.762Z] [tasks] Cloud Tasks Emulator only supports listening on one address (127.0.0.1). Not listening on ::1
[debug] [2026-02-11T13:53:13.762Z] late-assigned ports for functions and eventarc emulators {"user":{"hub":[{"address":"127.0.0.1","family":"IPv4","port":4400},{"address":"::1","family":"IPv6","port":4400}],"ui":[{"address":"127.0.0.1","family":"IPv4","port":4000},{"address":"::1","family":"IPv6","port":4000}],"logging":[{"address":"127.0.0.1","family":"IPv4","port":4500}],"firestore":[{"address":"127.0.0.1","family":"IPv4","port":8080}],"firestore.websocket":[{"address":"127.0.0.1","family":"IPv4","port":9150}],"storage":[{"address":"127.0.0.1","family":"IPv4","port":9199}],"functions":[{"address":"127.0.0.1","family":"IPv4","port":5001}],"eventarc":[{"address":"127.0.0.1","family":"IPv4","port":9299}],"tasks":[{"address":"127.0.0.1","family":"IPv4","port":9499}]},"metadata":{"message":"late-assigned ports for functions and eventarc emulators"}}
[warn] !  functions: The following emulators are not running, calls to these services from the Functions emulator will affect production: apphosting, auth, database, hosting, pubsub, dataconnect {"metadata":{"emulator":{"name":"functions"},"message":"The following emulators are not running, calls to these services from the Functions emulator will affect production: \u001b[1mapphosting, auth, database, hosting, pubsub, dataconnect\u001b[22m"}}
[debug] [2026-02-11T13:53:13.792Z] defaultcredentials: writing to file C:\Users\Andres Ramos\AppData\Roaming\firebase\andresss10011_gmail_com_application_default_credentials.json
[debug] [2026-02-11T13:53:13.795Z] Setting GAC to C:\Users\Andres Ramos\AppData\Roaming\firebase\andresss10011_gmail_com_application_default_credentials.json {"metadata":{"emulator":{"name":"functions"},"message":"Setting GAC to C:\\Users\\Andres Ramos\\AppData\\Roaming\\firebase\\andresss10011_gmail_com_application_default_credentials.json"}}
[debug] [2026-02-11T13:53:13.795Z] Checked if tokens are valid: true, expires at: 1770820713883
[debug] [2026-02-11T13:53:13.795Z] Checked if tokens are valid: true, expires at: 1770820713883
[debug] [2026-02-11T13:53:13.796Z] >>> [apiv2][query] GET https://firebase.googleapis.com/v1beta1/projects/enfoque-36479/adminSdkConfig [none]
[debug] [2026-02-11T13:53:14.296Z] <<< [apiv2][status] GET https://firebase.googleapis.com/v1beta1/projects/enfoque-36479/adminSdkConfig 200
[debug] [2026-02-11T13:53:14.296Z] <<< [apiv2][body] GET https://firebase.googleapis.com/v1beta1/projects/enfoque-36479/adminSdkConfig {"projectId":"enfoque-36479","storageBucket":"enfoque-36479.firebasestorage.app"}
[debug] [2026-02-11T13:53:14.320Z] Ignoring unsupported arg: auto_download {"metadata":{"emulator":{"name":"firestore"},"message":"Ignoring unsupported arg: auto_download"}}
[debug] [2026-02-11T13:53:14.320Z] Ignoring unsupported arg: single_project_mode_error {"metadata":{"emulator":{"name":"firestore"},"message":"Ignoring unsupported arg: single_project_mode_error"}}
[debug] [2026-02-11T13:53:14.320Z] Starting Firestore Emulator with command {"binary":"java","args":["-Dgoogle.cloud_firestore.debug_log_level=FINE","-Duser.language=en","-jar","C:\\Users\\Andres Ramos\\.cache\\firebase\\emulators\\cloud-firestore-emulator-v1.20.2.jar","--host","127.0.0.1","--port",8080,"--websocket_port",9150,"--project_id","enfoque-36479","--rules","S:\\enfoque_prueba\\firestore.rules","--single_project_mode",true,"--functions_emulator","127.0.0.1:5001"],"optionalArgs":["port","webchannel_port","host","rules","websocket_port","functions_emulator","seed_from_export","project_id","single_project_mode"],"joinArgs":false,"shell":false,"port":8080} {"metadata":{"emulator":{"name":"firestore"},"message":"Starting Firestore Emulator with command {\"binary\":\"java\",\"args\":[\"-Dgoogle.cloud_firestore.debug_log_level=FINE\",\"-Duser.language=en\",\"-jar\",\"C:\\\\Users\\\\Andres Ramos\\\\.cache\\\\firebase\\\\emulators\\\\cloud-firestore-emulator-v1.20.2.jar\",\"--host\",\"127.0.0.1\",\"--port\",8080,\"--websocket_port\",9150,\"--project_id\",\"enfoque-36479\",\"--rules\",\"S:\\\\enfoque_prueba\\\\firestore.rules\",\"--single_project_mode\",true,\"--functions_emulator\",\"127.0.0.1:5001\"],\"optionalArgs\":[\"port\",\"webchannel_port\",\"host\",\"rules\",\"websocket_port\",\"functions_emulator\",\"seed_from_export\",\"project_id\",\"single_project_mode\"],\"joinArgs\":false,\"shell\":false,\"port\":8080}"}}
[info] i  firestore: Firestore Emulator logging to firestore-debug.log {"metadata":{"emulator":{"name":"firestore"},"message":"Firestore Emulator logging to \u001b[1mfirestore-debug.log\u001b[22m"}}
[debug] [2026-02-11T13:53:14.775Z] WARNING: A terminally deprecated method in sun.misc.Unsafe has been called
WARNING: sun.misc.Unsafe::allocateMemory has been called by io.netty.util.internal.PlatformDependent0$2 (file:/C:/Users/Andres%20Ramos/.cache/firebase/emulators/cloud-firestore-emulator-v1.20.2.jar)
WARNING: Please consider reporting this to the maintainers of class io.netty.util.internal.PlatformDependent0$2
WARNING: sun.misc.Unsafe::allocateMemory will be removed in a future release
 {"metadata":{"emulator":{"name":"firestore"},"message":"WARNING: A terminally deprecated method in sun.misc.Unsafe has been called\nWARNING: sun.misc.Unsafe::allocateMemory has been called by io.netty.util.internal.PlatformDependent0$2 (file:/C:/Users/Andres%20Ramos/.cache/firebase/emulators/cloud-firestore-emulator-v1.20.2.jar)\nWARNING: Please consider reporting this to the maintainers of class io.netty.util.internal.PlatformDependent0$2\nWARNING: sun.misc.Unsafe::allocateMemory will be removed in a future release\r\n"}}
[debug] [2026-02-11T13:53:15.823Z] Feb 11, 2026 8:53:15 AM com.google.cloud.datastore.emulator.firestore.websocket.WebSocketServer start
INFO: Started WebSocket server on ws://127.0.0.1:9150
 {"metadata":{"emulator":{"name":"firestore"},"message":"Feb 11, 2026 8:53:15 AM com.google.cloud.datastore.emulator.firestore.websocket.WebSocketServer start\r\nINFO: Started WebSocket server on ws://127.0.0.1:9150\r\n"}}
[debug] [2026-02-11T13:53:15.883Z] API endpoint: http:// {"metadata":{"emulator":{"name":"firestore"},"message":"API endpoint: http://"}}
[debug] [2026-02-11T13:53:15.883Z] 127.0.0.1:8080
If you are using a library that supports the FIRESTORE_EMULATOR_HOST environment variable, run:

   export FIRESTORE_EMULATOR_HOST=127.0.0.1:8080

If you are running a Firestore in Datastore Mode project, run:

   export DATASTORE_EMULATOR_HOST=127.0.0.1:8080

Note: Support for Datastore Mode is in preview. If you encounter any bugs please file at https://github.com/firebase/firebase-tools/issues.
Dev App Server is now running.

 {"metadata":{"emulator":{"name":"firestore"},"message":"127.0.0.1:8080\nIf you are using a library that supports the FIRESTORE_EMULATOR_HOST environment variable, run:\r\n\n   export FIRESTORE_EMULATOR_HOST=127.0.0.1:8080\n\nIf you are running a Firestore in Datastore Mode project, run:\r\n\n   export DATASTORE_EMULATOR_HOST=127.0.0.1:8080\n\nNote: Support for Datastore Mode is in preview. If you encounter any bugs please file at https://github.com/firebase/firebase-tools/issues.\r\nDev App Server is now running.\n\r\n"}}
[info] +  firestore: Firestore Emulator UI websocket is running on 9150. {"metadata":{"emulator":{"name":"firestore"},"message":"Firestore Emulator UI websocket is running on 9150."}}
[debug] [2026-02-11T13:53:15.979Z] Ignoring unsupported arg: port {"metadata":{"emulator":{"name":"storage"},"message":"Ignoring unsupported arg: port"}}
[warn] !  Unexpected rules runtime error: WARNING: A terminally deprecated method in sun.misc.Unsafe has been called
WARNING: sun.misc.Unsafe::arrayBaseOffset has been called by com.google.protobuf.UnsafeUtil$MemoryAccessor (file:/C:/Users/Andres%20Ramos/.cache/firebase/emulators/cloud-storage-rules-runtime-v1.1.3.jar)
WARNING: Please consider reporting this to the maintainers of class com.google.protobuf.UnsafeUtil$MemoryAccessor
WARNING: sun.misc.Unsafe::arrayBaseOffset will be removed in a future release
 {"metadata":{"emulator":{"name":"storage"},"message":"Unexpected rules runtime error: WARNING: A terminally deprecated method in sun.misc.Unsafe has been called\nWARNING: sun.misc.Unsafe::arrayBaseOffset has been called by com.google.protobuf.UnsafeUtil$MemoryAccessor (file:/C:/Users/Andres%20Ramos/.cache/firebase/emulators/cloud-storage-rules-runtime-v1.1.3.jar)\nWARNING: Please consider reporting this to the maintainers of class com.google.protobuf.UnsafeUtil$MemoryAccessor\nWARNING: sun.misc.Unsafe::arrayBaseOffset will be removed in a future release\r\n"}}
[debug] [2026-02-11T13:53:17.040Z] Temp file directory for storage emulator: C:\Users\ANDRES~1\AppData\Local\Temp/firebase/storage/blobs {"metadata":{"emulator":{"name":"storage"},"message":"Temp file directory for storage emulator: C:\\Users\\ANDRES~1\\AppData\\Local\\Temp/firebase/storage/blobs"}}
[debug] [2026-02-11T13:53:17.054Z] [Extensions] Connecting Extensions emulator, this is a noop.
[info] i  functions: Watching "S:\enfoque_prueba\functions" for Cloud Functions... {"metadata":{"emulator":{"name":"functions"},"message":"Watching \"S:\\enfoque_prueba\\functions\" for Cloud Functions..."}}
[debug] [2026-02-11T13:53:17.064Z] Validating nodejs source
[debug] [2026-02-11T13:53:18.318Z] > [functions] package.json contents: {
  "name": "functions",
  "description": "Cloud Functions for Firebase",
  "scripts": {
    "lint": "eslint .",
    "serve": "firebase emulators:start --only functions",
    "shell": "firebase functions:shell",
    "start": "npm run shell",
    "deploy": "firebase deploy --only functions",
    "logs": "firebase functions:log"
  },
  "engines": {
    "node": "24"
  },
  "main": "index.js",
  "dependencies": {
    "date-fns": "^4.1.0",
    "firebase-admin": "^13.6.1",
    "firebase-functions": "^7.0.5"
  },
  "devDependencies": {
    "eslint": "^8.15.0",
    "eslint-config-google": "^0.14.0",
    "firebase-functions-test": "^3.4.1"
  },
  "private": true
}
[debug] [2026-02-11T13:53:18.319Z] Building nodejs source
[debug] [2026-02-11T13:53:18.319Z] Failed to find version of module node: reached end of search path S:\enfoque_prueba\functions\node_modules
[warn] !  functions: Your requested "node" version "24" doesn't match your global version "22". Using node@22 from host. 
[debug] [2026-02-11T13:53:18.322Z] Could not find functions.yaml. Must use http discovery
[debug] [2026-02-11T13:53:18.335Z] Found firebase-functions binary at 'S:\enfoque_prueba\functions\node_modules\.bin\firebase-functions'
[info] Serving at port 8012

[error] TypeError: functions.firestore.document is not a function
    at Object.<anonymous> (S:\enfoque_prueba\functions\index.js:170:4)
    at Module._compile (node:internal/modules/cjs/loader:1730:14)
    at Object..js (node:internal/modules/cjs/loader:1895:10)
    at Module.load (node:internal/modules/cjs/loader:1465:32)
    at Function._load (node:internal/modules/cjs/loader:1282:12)
    at TracingChannel.traceSync (node:diagnostics_channel:322:14)
    at wrapModuleLoad (node:internal/modules/cjs/loader:235:24)
    at Module.require (node:internal/modules/cjs/loader:1487:12)
    at require (node:internal/modules/helpers:135:16)
    at loadModule (S:\enfoque_prueba\functions\node_modules\firebase-functions\lib\runtime\loader.js:20:10)

[debug] [2026-02-11T13:53:20.493Z] Got response code 400; body Failed to generate manifest from function source: functions.firestore.document is not a function
[error] !!  functions: Failed to load function definition from source: FirebaseError: Functions codebase could not be analyzed successfully. It may have a syntax or runtime error {"metadata":{"emulator":{"name":"functions"},"message":"Failed to load function definition from source: FirebaseError: Functions codebase could not be analyzed successfully. It may have a syntax or runtime error"}}
[debug] [2026-02-11T13:53:24.530Z] Could not find VSCode notification endpoint: FetchError: request to http://localhost:40001/vscode/notify failed, reason: . If you are not running the Firebase Data Connect VSCode extension, this is expected and not an issue.
[info] 
┌─────────────────────────────────────────────────────────────┐
│ ✔  All emulators ready! It is now safe to connect your app. │
│ i  View Emulator UI at http://127.0.0.1:4000/               │
└─────────────────────────────────────────────────────────────┘

┌────────────┬────────────────┬──────────────────────────────────┐
│ Emulator   │ Host:Port      │ View in Emulator UI              │
├────────────┼────────────────┼──────────────────────────────────┤
│ Functions  │ 127.0.0.1:5001 │ http://127.0.0.1:4000/functions  │
├────────────┼────────────────┼──────────────────────────────────┤
│ Firestore  │ 127.0.0.1:8080 │ http://127.0.0.1:4000/firestore  │
├────────────┼────────────────┼──────────────────────────────────┤
│ Storage    │ 127.0.0.1:9199 │ http://127.0.0.1:4000/storage    │
├────────────┼────────────────┼──────────────────────────────────┤
│ Extensions │ 127.0.0.1:5001 │ http://127.0.0.1:4000/extensions │
└────────────┴────────────────┴──────────────────────────────────┘
  Emulator Hub host: 127.0.0.1 port: 4400
  Other reserved ports: 4500, 9150
┌─────────────────────────┬───────────────┬─────────────────────┐
│ Extension Instance Name │ Extension Ref │ View in Emulator UI │
└─────────────────────────┴───────────────┴─────────────────────┘
Issues? Report them at https://github.com/firebase/firebase-tools/issues and attach the *-debug.log files.
 
[debug] [2026-02-11T13:53:33.534Z] Feb 11, 2026 8:53:33 AM com.google.cloud.datastore.emulator.firestore.websocket.WebSocketChannelHandler initChannel
INFO: Connected to new websocket client
 {"metadata":{"emulator":{"name":"firestore"},"message":"Feb 11, 2026 8:53:33 AM com.google.cloud.datastore.emulator.firestore.websocket.WebSocketChannelHandler initChannel\r\nINFO: Connected to new websocket client\r\n"}}
[debug] [2026-02-11T14:06:13.264Z] Feb 11, 2026 9:06:13 AM io.gapi.emulators.netty.HttpVersionRoutingHandler channelRead
INFO: Detected non-HTTP/2 connection.
 {"metadata":{"emulator":{"name":"firestore"},"message":"Feb 11, 2026 9:06:13 AM io.gapi.emulators.netty.HttpVersionRoutingHandler channelRead\r\nINFO: Detected non-HTTP/2 connection.\r\n"}}
[debug] [2026-02-11T14:06:13.427Z] Feb 11, 2026 9:06:13 AM io.gapi.emulators.netty.HttpVersionRoutingHandler channelRead
INFO: Detected HTTP/2 connection.
 {"metadata":{"emulator":{"name":"firestore"},"message":"Feb 11, 2026 9:06:13 AM io.gapi.emulators.netty.HttpVersionRoutingHandler channelRead\r\nINFO: Detected HTTP/2 connection.\r\n"}}
[debug] [2026-02-11T14:06:15.521Z] Checked if tokens are valid: true, expires at: 1770820713883
[debug] [2026-02-11T14:06:15.521Z] Checked if tokens are valid: true, expires at: 1770820713883
[debug] [2026-02-11T14:06:15.522Z] >>> [apiv2][query] GET https://firebase.googleapis.com/v1beta1/projects/enfoque-36479/adminSdkConfig [none]
[debug] [2026-02-11T14:06:16.063Z] <<< [apiv2][status] GET https://firebase.googleapis.com/v1beta1/projects/enfoque-36479/adminSdkConfig 200
[debug] [2026-02-11T14:06:16.063Z] <<< [apiv2][body] GET https://firebase.googleapis.com/v1beta1/projects/enfoque-36479/adminSdkConfig {"projectId":"enfoque-36479","storageBucket":"enfoque-36479.firebasestorage.app"}
